# JRE version: OpenJDK Runtime Environment (11.0.8+10) (build 11.0.8+10-b944.6842174)
# Java VM: OpenJDK 64-Bit Server VM (11.0.8+10-b944.6842174, mixed mode, tiered, compressed oops, g1 gc, windows-amd64)
Heap:
 garbage-first heap   total 131072K, used 82913K [0x0000000080000000, 0x0000000100000000)
  region size 1024K, 5 young (5120K), 4 survivors (4096K)
 Metaspace       used 80264K, capacity 82225K, committed 82556K, reserved 1120256K
  class space    used 10502K, capacity 11145K, committed 11264K, reserved 1048576K
GC Heap History (20 events):
Event: 91.550 GC heap before
{Heap before GC invocations=16 (full 0):
 garbage-first heap   total 131072K, used 90921K [0x0000000080000000, 0x0000000100000000)
  region size 1024K, 29 young (29696K), 2 survivors (2048K)
 Metaspace       used 58208K, capacity 59859K, committed 59940K, reserved 1101824K
  class space    used 7406K, capacity 7930K, committed 7936K, reserved 1048576K
}
Event: 91.557 GC heap after
{Heap after GC invocations=17 (full 0):
 garbage-first heap   total 131072K, used 66493K [0x0000000080000000, 0x0000000100000000)
  region size 1024K, 4 young (4096K), 4 survivors (4096K)
 Metaspace       used 58208K, capacity 59859K, committed 59940K, reserved 1101824K
  class space    used 7406K, capacity 7930K, committed 7936K, reserved 1048576K
}
Event: 92.454 GC heap before
{Heap before GC invocations=18 (full 0):
 garbage-first heap   total 131072K, used 83901K [0x0000000080000000, 0x0000000100000000)
  region size 1024K, 22 young (22528K), 4 survivors (4096K)
 Metaspace       used 59977K, capacity 61601K, committed 61820K, reserved 1103872K
  class space    used 7622K, capacity 8163K, committed 8192K, reserved 1048576K
}
Event: 92.462 GC heap after
{Heap after GC invocations=19 (full 0):
 garbage-first heap   total 131072K, used 68144K [0x0000000080000000, 0x0000000100000000)
  region size 1024K, 5 young (5120K), 5 survivors (5120K)
 Metaspace       used 59977K, capacity 61601K, committed 61820K, reserved 1103872K
  class space    used 7622K, capacity 8163K, committed 8192K, reserved 1048576K
}
Event: 93.994 GC heap before
{Heap before GC invocations=20 (full 0):
 garbage-first heap   total 131072K, used 97840K [0x0000000080000000, 0x0000000100000000)
  region size 1024K, 34 young (34816K), 5 survivors (5120K)
 Metaspace       used 61087K, capacity 62845K, committed 63100K, reserved 1103872K
  class space    used 7773K, capacity 8337K, committed 8448K, reserved 1048576K
}
Event: 94.006 GC heap after
{Heap after GC invocations=21 (full 0):
 garbage-first heap   total 131072K, used 70817K [0x0000000080000000, 0x0000000100000000)
  region size 1024K, 5 young (5120K), 5 survivors (5120K)
 Metaspace       used 61087K, capacity 62845K, committed 63100K, reserved 1103872K
  class space    used 7773K, capacity 8337K, committed 8448K, reserved 1048576K
}
Event: 105.398 GC heap before
{Heap before GC invocations=21 (full 0):
 garbage-first heap   total 131072K, used 100513K [0x0000000080000000, 0x0000000100000000)
  region size 1024K, 34 young (34816K), 5 survivors (5120K)
 Metaspace       used 64962K, capacity 66659K, committed 66812K, reserved 1107968K
  class space    used 8422K, capacity 8989K, committed 9088K, reserved 1048576K
}
Event: 105.406 GC heap after
{Heap after GC invocations=22 (full 0):
 garbage-first heap   total 131072K, used 72161K [0x0000000080000000, 0x0000000100000000)
  region size 1024K, 2 young (2048K), 2 survivors (2048K)
 Metaspace       used 64962K, capacity 66659K, committed 66812K, reserved 1107968K
  class space    used 8422K, capacity 8989K, committed 9088K, reserved 1048576K
}
Event: 106.276 GC heap before
{Heap before GC invocations=23 (full 0):
 garbage-first heap   total 131072K, used 102881K [0x0000000080000000, 0x0000000100000000)
  region size 1024K, 32 young (32768K), 2 survivors (2048K)
 Metaspace       used 67509K, capacity 69238K, committed 69372K, reserved 1110016K
  class space    used 8783K, capacity 9333K, committed 9344K, reserved 1048576K
}
Event: 106.283 GC heap after
{Heap after GC invocations=24 (full 0):
 garbage-first heap   total 131072K, used 73734K [0x0000000080000000, 0x0000000100000000)
  region size 1024K, 4 young (4096K), 4 survivors (4096K)
 Metaspace       used 67509K, capacity 69238K, committed 69372K, reserved 1110016K
  class space    used 8783K, capacity 9333K, committed 9344K, reserved 1048576K
}
Event: 108.922 GC heap before
{Heap before GC invocations=24 (full 0):
 garbage-first heap   total 131072K, used 104454K [0x0000000080000000, 0x0000000100000000)
  region size 1024K, 34 young (34816K), 4 survivors (4096K)
 Metaspace       used 70399K, capacity 72284K, committed 72444K, reserved 1112064K
  class space    used 9104K, capacity 9743K, committed 9856K, reserved 1048576K
}
Event: 108.941 GC heap after
{Heap after GC invocations=25 (full 0):
 garbage-first heap   total 131072K, used 75738K [0x0000000080000000, 0x0000000100000000)
  region size 1024K, 4 young (4096K), 4 survivors (4096K)
 Metaspace       used 70399K, capacity 72284K, committed 72444K, reserved 1112064K
  class space    used 9104K, capacity 9743K, committed 9856K, reserved 1048576K
}
Event: 109.703 GC heap before
{Heap before GC invocations=26 (full 0):
 garbage-first heap   total 131072K, used 106458K [0x0000000080000000, 0x0000000100000000)
  region size 1024K, 34 young (34816K), 4 survivors (4096K)
 Metaspace       used 72572K, capacity 74432K, committed 74748K, reserved 1114112K
  class space    used 9405K, capacity 10027K, committed 10112K, reserved 1048576K
}
Event: 109.714 GC heap after
{Heap after GC invocations=27 (full 0):
 garbage-first heap   total 131072K, used 77693K [0x0000000080000000, 0x0000000100000000)
  region size 1024K, 4 young (4096K), 4 survivors (4096K)
 Metaspace       used 72572K, capacity 74432K, committed 74748K, reserved 1114112K
  class space    used 9405K, capacity 10027K, committed 10112K, reserved 1048576K
}
Event: 110.352 GC heap before
{Heap before GC invocations=27 (full 0):
 garbage-first heap   total 131072K, used 107389K [0x0000000080000000, 0x0000000100000000)
  region size 1024K, 33 young (33792K), 4 survivors (4096K)
 Metaspace       used 74182K, capacity 76079K, committed 76284K, reserved 1116160K
  class space    used 9662K, capacity 10288K, committed 10368K, reserved 1048576K
}
Event: 110.360 GC heap after
{Heap after GC invocations=28 (full 0):
 garbage-first heap   total 131072K, used 79731K [0x0000000080000000, 0x0000000100000000)
  region size 1024K, 4 young (4096K), 4 survivors (4096K)
 Metaspace       used 74182K, capacity 76079K, committed 76284K, reserved 1116160K
  class space    used 9662K, capacity 10288K, committed 10368K, reserved 1048576K
}
Event: 110.978 GC heap before
{Heap before GC invocations=29 (full 0):
 garbage-first heap   total 131072K, used 109427K [0x0000000080000000, 0x0000000100000000)
  region size 1024K, 33 young (33792K), 4 survivors (4096K)
 Metaspace       used 76340K, capacity 78336K, committed 78588K, reserved 1118208K
  class space    used 9961K, capacity 10605K, committed 10624K, reserved 1048576K
}
Event: 110.987 GC heap after
{Heap after GC invocations=30 (full 0):
 garbage-first heap   total 131072K, used 81743K [0x0000000080000000, 0x0000000100000000)
  region size 1024K, 4 young (4096K), 4 survivors (4096K)
 Metaspace       used 76340K, capacity 78336K, committed 78588K, reserved 1118208K
  class space    used 9961K, capacity 10605K, committed 10624K, reserved 1048576K
}
Event: 112.235 GC heap before
{Heap before GC invocations=30 (full 0):
 garbage-first heap   total 131072K, used 110415K [0x0000000080000000, 0x0000000100000000)
  region size 1024K, 32 young (32768K), 4 survivors (4096K)
 Metaspace       used 80170K, capacity 82193K, committed 82428K, reserved 1120256K
  class space    used 10493K, capacity 11113K, committed 11136K, reserved 1048576K
}
Event: 112.243 GC heap after
{Heap after GC invocations=31 (full 0):
 garbage-first heap   total 131072K, used 82913K [0x0000000080000000, 0x0000000100000000)
  region size 1024K, 4 young (4096K), 4 survivors (4096K)
 Metaspace       used 80170K, capacity 82193K, committed 82428K, reserved 1120256K
  class space    used 10493K, capacity 11113K, committed 11136K, reserved 1048576K
}

